<?xml version="1.0" encoding="UTF-8"?>
<testng-results ignored="0" total="5" passed="4" failed="1" skipped="0">
  <reporter-output>
  </reporter-output>
  <suite started-at="2024-03-11T10:48:27Z" name="Suite" finished-at="2024-03-11T10:48:27Z" duration-ms="161">
    <groups>
    </groups>
    <test started-at="2024-03-11T10:48:27Z" name="Unit_Test_trigger" finished-at="2024-03-11T10:48:27Z" duration-ms="161">
      <class name="Cloud_Bees.Train_London_To_Practice.TrainTicketServiceTest">
        <test-method is-config="true" signature="setUp()[pri:0, instance:Cloud_Bees.Train_London_To_Practice.TrainTicketServiceTest@1838ccb8]" started-at="2024-03-11T10:48:27Z" name="setUp" finished-at="2024-03-11T10:48:27Z" duration-ms="6" status="PASS">
          <reporter-output>
          </reporter-output>
        </test-method> <!-- setUp -->
        <test-method signature="testGetReceipt()[pri:0, instance:Cloud_Bees.Train_London_To_Practice.TrainTicketServiceTest@1838ccb8]" started-at="2024-03-11T10:48:27Z" name="testGetReceipt" finished-at="2024-03-11T10:48:27Z" duration-ms="83" status="PASS">
          <reporter-output>
          </reporter-output>
        </test-method> <!-- testGetReceipt -->
        <test-method is-config="true" signature="setUp()[pri:0, instance:Cloud_Bees.Train_London_To_Practice.TrainTicketServiceTest@1838ccb8]" started-at="2024-03-11T10:48:27Z" name="setUp" finished-at="2024-03-11T10:48:27Z" duration-ms="0" status="PASS">
          <reporter-output>
          </reporter-output>
        </test-method> <!-- setUp -->
        <test-method signature="testGetSeatsBySection()[pri:0, instance:Cloud_Bees.Train_London_To_Practice.TrainTicketServiceTest@1838ccb8]" started-at="2024-03-11T10:48:27Z" name="testGetSeatsBySection" finished-at="2024-03-11T10:48:27Z" duration-ms="11" status="FAIL">
          <exception class="java.lang.AssertionError">
            <message>
              <![CDATA[Section A should have at least one ticket. expected [true] but found [false]]]>
            </message>
            <full-stacktrace>
              <![CDATA[java.lang.AssertionError: Section A should have at least one ticket. expected [true] but found [false]
at org.testng.Assert.fail(Assert.java:96)
at org.testng.Assert.failNotEquals(Assert.java:776)
at org.testng.Assert.assertTrue(Assert.java:44)
at Cloud_Bees.Train_London_To_Practice.TrainTicketServiceTest.testGetSeatsBySection(TrainTicketServiceTest.java:69)
at java.base/jdk.internal.reflect.NativeMethodAccessorImpl.invoke0(Native Method)
at java.base/jdk.internal.reflect.NativeMethodAccessorImpl.invoke(NativeMethodAccessorImpl.java:77)
at java.base/jdk.internal.reflect.DelegatingMethodAccessorImpl.invoke(DelegatingMethodAccessorImpl.java:43)
at java.base/java.lang.reflect.Method.invoke(Method.java:568)
at org.testng.internal.MethodInvocationHelper.invokeMethod(MethodInvocationHelper.java:124)
at org.testng.internal.Invoker.invokeMethod(Invoker.java:583)
at org.testng.internal.Invoker.invokeTestMethod(Invoker.java:719)
at org.testng.internal.Invoker.invokeTestMethods(Invoker.java:989)
at org.testng.internal.TestMethodWorker.invokeTestMethods(TestMethodWorker.java:125)
at org.testng.internal.TestMethodWorker.run(TestMethodWorker.java:109)
at org.testng.TestRunner.privateRun(TestRunner.java:648)
at org.testng.TestRunner.run(TestRunner.java:505)
at org.testng.SuiteRunner.runTest(SuiteRunner.java:455)
at org.testng.SuiteRunner.runSequentially(SuiteRunner.java:450)
at org.testng.SuiteRunner.privateRun(SuiteRunner.java:415)
at org.testng.SuiteRunner.run(SuiteRunner.java:364)
at org.testng.SuiteRunnerWorker.runSuite(SuiteRunnerWorker.java:52)
at org.testng.SuiteRunnerWorker.run(SuiteRunnerWorker.java:84)
at org.testng.TestNG.runSuitesSequentially(TestNG.java:1208)
at org.testng.TestNG.runSuitesLocally(TestNG.java:1137)
at org.testng.TestNG.runSuites(TestNG.java:1049)
at org.testng.TestNG.run(TestNG.java:1017)
at org.testng.remote.AbstractRemoteTestNG.run(AbstractRemoteTestNG.java:115)
at org.testng.remote.RemoteTestNG.initAndRun(RemoteTestNG.java:251)
at org.testng.remote.RemoteTestNG.main(RemoteTestNG.java:77)
]]>
            </full-stacktrace>
          </exception> <!-- java.lang.AssertionError -->
          <reporter-output>
          </reporter-output>
        </test-method> <!-- testGetSeatsBySection -->
        <test-method signature="testModifySeat()[pri:0, instance:Cloud_Bees.Train_London_To_Practice.TrainTicketServiceTest@1838ccb8]" started-at="2024-03-11T10:48:27Z" name="testModifySeat" finished-at="2024-03-11T10:48:27Z" duration-ms="6" status="PASS">
          <reporter-output>
          </reporter-output>
        </test-method> <!-- testModifySeat -->
        <test-method is-config="true" signature="setUp()[pri:0, instance:Cloud_Bees.Train_London_To_Practice.TrainTicketServiceTest@1838ccb8]" started-at="2024-03-11T10:48:27Z" name="setUp" finished-at="2024-03-11T10:48:27Z" duration-ms="0" status="PASS">
          <reporter-output>
          </reporter-output>
        </test-method> <!-- setUp -->
        <test-method is-config="true" signature="setUp()[pri:0, instance:Cloud_Bees.Train_London_To_Practice.TrainTicketServiceTest@1838ccb8]" started-at="2024-03-11T10:48:27Z" name="setUp" finished-at="2024-03-11T10:48:27Z" duration-ms="1" status="PASS">
          <reporter-output>
          </reporter-output>
        </test-method> <!-- setUp -->
        <test-method signature="testPurchaseTicket()[pri:0, instance:Cloud_Bees.Train_London_To_Practice.TrainTicketServiceTest@1838ccb8]" started-at="2024-03-11T10:48:27Z" name="testPurchaseTicket" finished-at="2024-03-11T10:48:27Z" duration-ms="3" status="PASS">
          <reporter-output>
          </reporter-output>
        </test-method> <!-- testPurchaseTicket -->
        <test-method is-config="true" signature="setUp()[pri:0, instance:Cloud_Bees.Train_London_To_Practice.TrainTicketServiceTest@1838ccb8]" started-at="2024-03-11T10:48:27Z" name="setUp" finished-at="2024-03-11T10:48:27Z" duration-ms="0" status="PASS">
          <reporter-output>
          </reporter-output>
        </test-method> <!-- setUp -->
        <test-method signature="testRemoveUser()[pri:0, instance:Cloud_Bees.Train_London_To_Practice.TrainTicketServiceTest@1838ccb8]" started-at="2024-03-11T10:48:27Z" name="testRemoveUser" finished-at="2024-03-11T10:48:27Z" duration-ms="3" status="PASS">
          <reporter-output>
          </reporter-output>
        </test-method> <!-- testRemoveUser -->
      </class> <!-- Cloud_Bees.Train_London_To_Practice.TrainTicketServiceTest -->
    </test> <!-- Unit_Test_trigger -->
  </suite> <!-- Suite -->
</testng-results>
